<?xml version="1.0" encoding="UTF-8"?>
<testsuite name="com.example.project.TestWordPair" tests="2" skipped="0" failures="0" errors="0" timestamp="2025-02-14T02:08:19" hostname="codespaces-9ce91a" time="0.027">
  <properties/>
  <testcase name="testPARTA()" classname="com.example.project.TestWordPair" time="0.022"/>
  <testcase name="testPARTB()" classname="com.example.project.TestWordPair" time="0.0"/>
  <system-out><![CDATA[]]></system-out>
  <system-err><![CDATA[]]></system-err>
</testsuite>
